<?xml version="1.0" encoding="UTF-8"?>
<!-- Generated by org.testng.reporters.JUnitReportReporter -->
<testsuite hostname="DESKTOP-4VUC44N" failures="0" tests="3" name="testngIntro.Testng01basics" time="0.012" errors="0" timestamp="2020-05-30T12:19:26 CDT" skipped="0">
  <testcase classname="testngIntro.Testng01basics" name="Login" time="0.008"/>
  <system-out/>
  <testcase classname="testngIntro.Testng01basics" name="CreateUser" time="0.001"/>
  <system-out/>
  <testcase classname="testngIntro.Testng01basics" name="Login2" time="0.003"/>
  <system-out/>
</testsuite> <!-- testngIntro.Testng01basics -->
