<?xml version="1.0" encoding="UTF-8"?>
<!-- Generated by org.testng.reporters.JUnitReportReporter -->
<testsuite hostname="DESKTOP-4VUC44N" failures="0" tests="1" name="testngIntro.TestClass" time="0.029" errors="0" timestamp="2020-05-30T12:13:19 CDT" skipped="0">
  <testcase classname="testngIntro.TestClass" name="TestMethod" time="0.029"/>
  <system-out/>
</testsuite> <!-- testngIntro.TestClass -->
