<?xml version="1.0" encoding="UTF-8"?>
<!-- Generated by org.testng.reporters.JUnitReportReporter -->
<testsuite hostname="DESKTOP-4VUC44N" failures="0" tests="1" name="testngIntro.Testng03PersonalLoan" time="0.002" errors="0" timestamp="2020-05-30T12:19:26 CDT" skipped="0">
  <testcase classname="testngIntro.Testng03PersonalLoan" name="LoginPersonalLoanApp" time="0.002"/>
  <system-out/>
</testsuite> <!-- testngIntro.Testng03PersonalLoan -->
