<?xml version="1.0" encoding="UTF-8"?>
<!-- Generated by org.testng.reporters.JUnitReportReporter -->
<testsuite hostname="DESKTOP-4VUC44N" failures="0" tests="1" name="testngPackage.Testng02Class" time="0.009" errors="0" timestamp="2020-05-30T12:03:03 CDT" skipped="0">
  <testcase classname="testngPackage.Testng02Class" name="SavingsAccountCreate" time="0.009"/>
  <system-out/>
</testsuite> <!-- testngPackage.Testng02Class -->
