<?xml version="1.0" encoding="UTF-8"?>
<!-- Generated by org.testng.reporters.JUnitReportReporter -->
<testsuite hostname="DESKTOP-4VUC44N" failures="0" tests="1" name="testngIntro.Testng02Loans" time="0.015" errors="0" timestamp="2020-05-30T12:19:26 CDT" skipped="0">
  <testcase classname="testngIntro.Testng02Loans" name="LoginApp" time="0.015"/>
  <system-out/>
</testsuite> <!-- testngIntro.Testng02Loans -->
