<?xml version="1.0" encoding="UTF-8"?>
<!-- Generated by org.testng.reporters.JUnitReportReporter -->
<testsuite hostname="DESKTOP-4VUC44N" failures="0" tests="2" name="tests.HomePageTest" time="21.999" errors="0" timestamp="2020-06-06T12:15:32 CDT" skipped="0">
  <testcase classname="tests.HomePageTest" name="ClickLinks" time="13.086"/>
  <system-out/>
  <testcase classname="tests.HomePageTest" name="HomePageTesting" time="8.913"/>
  <system-out/>
</testsuite> <!-- tests.HomePageTest -->
