<?xml version="1.0" encoding="UTF-8"?>
<!-- Generated by org.testng.reporters.JUnitReportReporter -->
<testsuite hostname="DESKTOP-4VUC44N" failures="0" tests="3" name="tests.RegistrationTest" time="25.523" errors="0" timestamp="2020-06-06T12:15:32 CDT" skipped="0">
  <testcase classname="tests.RegistrationTest" name="RegisterNegativeWithNoConfirmPwd" time="8.174"/>
  <system-out/>
  <testcase classname="tests.RegistrationTest" name="RegisterPositiveTest" time="9.162"/>
  <system-out/>
  <testcase classname="tests.RegistrationTest" name="RegisterNegativeWithNoEmail" time="8.187"/>
  <system-out/>
</testsuite> <!-- tests.RegistrationTest -->
